
D:\Desktop\REPCONNECT_REACT\src\components\Navbar.tsx
  15:13  error  Error: Calling setState synchronously within an effect can trigger cascading renders

Effects are intended to synchronize state between React and external systems such as manually updating the DOM, state management libraries, or other platform APIs. In general, the body of an effect should do one or both of the following:
* Update external systems with the latest state from React.
* Subscribe for updates from some external system, calling setState in a callback function when external state changes.

Calling setState synchronously within an effect body causes cascading renders that can hurt performance, and is not recommended. (https://react.dev/learn/you-might-not-need-an-effect).

D:\Desktop\REPCONNECT_REACT\src\components\Navbar.tsx:15:13
  13 |         const currentTheme = document.documentElement.getAttribute("data-theme") as "light" | "dark";
  14 |         if (currentTheme) {
> 15 |             setTheme(currentTheme);
     |             ^^^^^^^^ Avoid calling setState() directly within an effect
  16 |         }
  17 |
  18 |         const handleScroll = () => {  react-hooks/set-state-in-effect

D:\Desktop\REPCONNECT_REACT\src\components\PrivacyModal.tsx
  12:9    error  Error: Calling setState synchronously within an effect can trigger cascading renders

Effects are intended to synchronize state between React and external systems such as manually updating the DOM, state management libraries, or other platform APIs. In general, the body of an effect should do one or both of the following:
* Update external systems with the latest state from React.
* Subscribe for updates from some external system, calling setState in a callback function when external state changes.

Calling setState synchronously within an effect body causes cascading renders that can hurt performance, and is not recommended. (https://react.dev/learn/you-might-not-need-an-effect).

D:\Desktop\REPCONNECT_REACT\src\components\PrivacyModal.tsx:12:9
  10 |
  11 |     useEffect(() => {
> 12 |         setMounted(true);
     |         ^^^^^^^^^^ Avoid calling setState() directly within an effect
  13 |         const consent = localStorage.getItem("repconnect_privacy_consent");
  14 |         if (!consent) {
  15 |             setAccepted(false);  react-hooks/set-state-in-effect
  67:100  error  `"` can be escaped with `&quot;`, `&ldquo;`, `&#34;`, `&rdquo;`                                                                                                                                                                                                                                                                                                                                                                                                                                                                                                                                                                                                                                                                                                                                                                                                                                                                                                                                                                                                                                 react/no-unescaped-entities
  67:103  error  `"` can be escaped with `&quot;`, `&ldquo;`, `&#34;`, `&rdquo;`                                                                                                                                                                                                                                                                                                                                                                                                                                                                                                                                                                                                                                                                                                                                                                                                                                                                                                                                                                                                                                 react/no-unescaped-entities
  67:106  error  `"` can be escaped with `&quot;`, `&ldquo;`, `&#34;`, `&rdquo;`                                                                                                                                                                                                                                                                                                                                                                                                                                                                                                                                                                                                                                                                                                                                                                                                                                                                                                                                                                                                                                 react/no-unescaped-entities
  67:109  error  `"` can be escaped with `&quot;`, `&ldquo;`, `&#34;`, `&rdquo;`                                                                                                                                                                                                                                                                                                                                                                                                                                                                                                                                                                                                                                                                                                                                                                                                                                                                                                                                                                                                                                 react/no-unescaped-entities
  67:115  error  `"` can be escaped with `&quot;`, `&ldquo;`, `&#34;`, `&rdquo;`                                                                                                                                                                                                                                                                                                                                                                                                                                                                                                                                                                                                                                                                                                                                                                                                                                                                                                                                                                                                                                 react/no-unescaped-entities
  67:127  error  `"` can be escaped with `&quot;`, `&ldquo;`, `&#34;`, `&rdquo;`                                                                                                                                                                                                                                                                                                                                                                                                                                                                                                                                                                                                                                                                                                                                                                                                                                                                                                                                                                                                                                 react/no-unescaped-entities

D:\Desktop\REPCONNECT_REACT\src\components\ui\animated-modal.tsx
   3:35  warning  'useEffect' is defined but never used             @typescript-eslint/no-unused-vars
  37:12  warning  'triggerRect' is assigned a value but never used  @typescript-eslint/no-unused-vars

✖ 10 problems (8 errors, 2 warnings)

